<?xml version="1.0" encoding="UTF-8"?>
<robot generator="Robot 7.0.1 (Python 3.12.4 on darwin)" generated="2024-11-17T01:16:02.219636" rpa="false" schemaversion="5">
<suite id="s1" name="Get User Profile" source="/Users/poonyavee/ttb-robot-ui-api/tests/api/get_user_profile.robot">
<test id="s1-t1" name="TC_API_001 Get User Profile Success" line="24">
<kw name="Get User Profile">
<kw name="Create Session" owner="RequestsLibrary">
<msg time="2024-11-17T01:16:02.566304" level="INFO">Creating Session using : alias=Get_user_profile_success, url=https://reqres.in, headers={},                     cookies={}, auth=None, timeout=None, proxies=None, verify=False,                     debug=0 </msg>
<arg>Get_user_profile_success</arg>
<arg>${BASE_URL}</arg>
<doc>Create Session: create a HTTP session to a server</doc>
<status status="PASS" start="2024-11-17T01:16:02.566045" elapsed="0.000568"/>
</kw>
<kw name="Get Request" owner="RequestsLibrary">
<msg time="2024-11-17T01:16:02.566857" level="WARN">Keyword 'RequestsLibrary.Get Request' is deprecated. Please use `GET On Session` instead.</msg>
<msg time="2024-11-17T01:16:02.719817" level="INFO">GET Request : url=https://reqres.in/api/users/12 
 path_url=/api/users/12 
 headers={'User-Agent': 'python-requests/2.32.3', 'Accept-Encoding': 'gzip, deflate', 'Accept': '*/*', 'Connection': 'keep-alive'} 
 body=None 
 </msg>
<msg time="2024-11-17T01:16:02.720156" level="INFO">GET Response : url=https://reqres.in/api/users/12 
 status=200, reason=OK 
 headers={'Date': 'Sat, 16 Nov 2024 18:16:02 GMT', 'Content-Type': 'application/json; charset=utf-8', 'Transfer-Encoding': 'chunked', 'Connection': 'keep-alive', 'Report-To': '{"group":"heroku-nel","max_age":3600,"endpoints":[{"url":"https://nel.heroku.com/reports?ts=1731760456&amp;sid=c4c9725f-1ab0-44d8-820f-430df2718e11&amp;s=bY7nWid7FAWxVaw9%2FH%2BJwV%2Fwj%2B5SnQ0YMXGSCp21iBE%3D"}]}', 'Reporting-Endpoints': 'heroku-nel=https://nel.heroku.com/reports?ts=1731760456&amp;sid=c4c9725f-1ab0-44d8-820f-430df2718e11&amp;s=bY7nWid7FAWxVaw9%2FH%2BJwV%2Fwj%2B5SnQ0YMXGSCp21iBE%3D', 'Nel': '{"report_to":"heroku-nel","max_age":3600,"success_fraction":0.005,"failure_fraction":0.05,"response_headers":["Via"]}', 'X-Powered-By': 'Express', 'Access-Control-Allow-Origin': '*', 'Etag': 'W/"156-dRpOqAStViWxQQvYl7n1A1GXGFw"', 'Via': '1.1 vegur', 'Cache-Control': 'max-age=14400', 'CF-Cache-Status': 'HIT', 'Age': '359', 'Vary': 'Accept-Encoding', 'Server': 'cloudflare', 'CF-RAY': '8e3978495fedcdd6-SIN', 'Content-Encoding': 'gzip', 'server-timing': 'cfL4;desc="?proto=TCP&amp;rtt=31616&amp;sent=5&amp;recv=6&amp;lost=0&amp;retrans=0&amp;sent_bytes=2835&amp;recv_bytes=771&amp;delivery_rate=126620&amp;cwnd=252&amp;unsent_bytes=0&amp;cid=03261d3d34bc3d79&amp;ts=59&amp;x=0"'} 
 body={"data":{"id":12,"email":"rachel.howell@reqres.in","first_name":"Rachel","last_name":"Howell","avatar":"https://reqres.in/img/faces/12-image.jpg"},"support":{"url":"https://contentcaddy.io?utm_source=reqres&amp;utm_medium=json&amp;utm_campaign=referral","text":"Tired of writing endless social media content? Let Content Caddy generate it for you."}} 
 </msg>
<msg time="2024-11-17T01:16:02.720366" level="INFO">/Library/Frameworks/Python.framework/Versions/3.12/lib/python3.12/site-packages/urllib3/connectionpool.py:1099: InsecureRequestWarning: Unverified HTTPS request is being made to host 'reqres.in'. Adding certificate verification is strongly advised. See: https://urllib3.readthedocs.io/en/latest/advanced-usage.html#tls-warnings
  warnings.warn(</msg>
<msg time="2024-11-17T01:16:02.720788" level="INFO">${response} = &lt;Response [200]&gt;</msg>
<var>${response}</var>
<arg>Get_user_profile_success</arg>
<arg>/api/users/${USER_ID}</arg>
<doc>*DEPRECATED* Please use `GET On Session` instead.</doc>
<status status="PASS" start="2024-11-17T01:16:02.566819" elapsed="0.154082"/>
</kw>
<return>
<value>${response}</value>
<status status="PASS" start="2024-11-17T01:16:02.721161" elapsed="0.000151"/>
</return>
<msg time="2024-11-17T01:16:02.721748" level="INFO">${response} = &lt;Response [200]&gt;</msg>
<var>${response}</var>
<arg>${VALID_USER_ID}</arg>
<status status="PASS" start="2024-11-17T01:16:02.565179" elapsed="0.156643"/>
</kw>
<kw name="Should Be Equal As Numbers" owner="BuiltIn">
<msg time="2024-11-17T01:16:02.723685" level="INFO">Argument types are:
&lt;class 'int'&gt;
&lt;class 'str'&gt;</msg>
<arg>${response.status_code}</arg>
<arg>200</arg>
<doc>Fails if objects are unequal after converting them to real numbers.</doc>
<status status="PASS" start="2024-11-17T01:16:02.722303" elapsed="0.001529"/>
</kw>
<kw name="Convert String To Json" owner="JSONLibrary">
<msg time="2024-11-17T01:16:02.725459" level="INFO">${response_body} = {'data': {'id': 12, 'email': 'rachel.howell@reqres.in', 'first_name': 'Rachel', 'last_name': 'Howell', 'avatar': 'https://reqres.in/img/faces/12-image.jpg'}, 'support': {'url': 'https://contentcaddy.i...</msg>
<var>${response_body}</var>
<arg>${response.content}</arg>
<doc>Convert String to JSON object</doc>
<status status="PASS" start="2024-11-17T01:16:02.724136" elapsed="0.001379"/>
</kw>
<kw name="Should Be Equal As Numbers" owner="BuiltIn">
<msg time="2024-11-17T01:16:02.728958" level="INFO">Argument types are:
&lt;class 'int'&gt;
&lt;class 'str'&gt;</msg>
<arg>${response_body['data']['id']}</arg>
<arg>${EXPECTED_ID}</arg>
<doc>Fails if objects are unequal after converting them to real numbers.</doc>
<status status="PASS" start="2024-11-17T01:16:02.725856" elapsed="0.003229"/>
</kw>
<kw name="Should Be Equal" owner="BuiltIn">
<arg>${response_body['data']['email']}</arg>
<arg>${EXPECTED_EMAIL}</arg>
<doc>Fails if the given objects are unequal.</doc>
<status status="PASS" start="2024-11-17T01:16:02.729957" elapsed="0.000965"/>
</kw>
<kw name="Should Be Equal" owner="BuiltIn">
<arg>${response_body['data']['first_name']}</arg>
<arg>${EXPECTED_FIRST_NAME}</arg>
<doc>Fails if the given objects are unequal.</doc>
<status status="PASS" start="2024-11-17T01:16:02.732778" elapsed="0.005250"/>
</kw>
<kw name="Should Be Equal" owner="BuiltIn">
<arg>${response_body['data']['last_name']}</arg>
<arg>${EXPECTED_LAST_NAME}</arg>
<doc>Fails if the given objects are unequal.</doc>
<status status="PASS" start="2024-11-17T01:16:02.738411" elapsed="0.000887"/>
</kw>
<kw name="Should Be Equal" owner="BuiltIn">
<arg>${response_body['data']['avatar']}</arg>
<arg>${EXPECTED_AVATAR}</arg>
<doc>Fails if the given objects are unequal.</doc>
<status status="PASS" start="2024-11-17T01:16:02.739700" elapsed="0.000760"/>
</kw>
<doc>To verify get user profile API will return correct data when trying to get profile of an existing user</doc>
<status status="PASS" start="2024-11-17T01:16:02.564118" elapsed="0.176833"/>
</test>
<test id="s1-t2" name="TC_API_002 Get User Profile But User Not Found" line="35">
<kw name="Get User Profile">
<kw name="Create Session" owner="RequestsLibrary">
<msg time="2024-11-17T01:16:02.742849" level="INFO">Creating Session using : alias=Get_user_profile_success, url=https://reqres.in, headers={},                     cookies={}, auth=None, timeout=None, proxies=None, verify=False,                     debug=0 </msg>
<arg>Get_user_profile_success</arg>
<arg>${BASE_URL}</arg>
<doc>Create Session: create a HTTP session to a server</doc>
<status status="PASS" start="2024-11-17T01:16:02.742640" elapsed="0.000445"/>
</kw>
<kw name="Get Request" owner="RequestsLibrary">
<msg time="2024-11-17T01:16:02.743289" level="WARN">Keyword 'RequestsLibrary.Get Request' is deprecated. Please use `GET On Session` instead.</msg>
<msg time="2024-11-17T01:16:02.853141" level="INFO">GET Request : url=https://reqres.in/api/users/1234 
 path_url=/api/users/1234 
 headers={'User-Agent': 'python-requests/2.32.3', 'Accept-Encoding': 'gzip, deflate', 'Accept': '*/*', 'Connection': 'keep-alive'} 
 body=None 
 </msg>
<msg time="2024-11-17T01:16:02.853267" level="INFO">GET Response : url=https://reqres.in/api/users/1234 
 status=404, reason=Not Found 
 headers={'Date': 'Sat, 16 Nov 2024 18:16:02 GMT', 'Content-Type': 'application/json; charset=utf-8', 'Content-Length': '2', 'Connection': 'keep-alive', 'Report-To': '{"group":"heroku-nel","max_age":3600,"endpoints":[{"url":"https://nel.heroku.com/reports?ts=1731780828&amp;sid=c4c9725f-1ab0-44d8-820f-430df2718e11&amp;s=VvuK2CVjXM44gL4v7vcbnnuEsgKtiFhSDRfqTl%2FpVyw%3D"}]}', 'Reporting-Endpoints': 'heroku-nel=https://nel.heroku.com/reports?ts=1731780828&amp;sid=c4c9725f-1ab0-44d8-820f-430df2718e11&amp;s=VvuK2CVjXM44gL4v7vcbnnuEsgKtiFhSDRfqTl%2FpVyw%3D', 'Nel': '{"report_to":"heroku-nel","max_age":3600,"success_fraction":0.005,"failure_fraction":0.05,"response_headers":["Via"]}', 'X-Powered-By': 'Express', 'Access-Control-Allow-Origin': '*', 'Etag': 'W/"2-vyGp6PvFo4RvsFtPoIWeCReyIC8"', 'Via': '1.1 vegur', 'Cache-Control': 'max-age=14400', 'CF-Cache-Status': 'HIT', 'Age': '134', 'Vary': 'Accept-Encoding', 'Server': 'cloudflare', 'CF-RAY': '8e39784a3efece62-SIN', 'server-timing': 'cfL4;desc="?proto=TCP&amp;rtt=30093&amp;sent=5&amp;recv=6&amp;lost=0&amp;retrans=0&amp;sent_bytes=2837&amp;recv_bytes=773&amp;delivery_rate=131320&amp;cwnd=252&amp;unsent_bytes=0&amp;cid=43915bce26c82d67&amp;ts=44&amp;x=0"'} 
 body={} 
 </msg>
<msg time="2024-11-17T01:16:02.853483" level="INFO">/Library/Frameworks/Python.framework/Versions/3.12/lib/python3.12/site-packages/urllib3/connectionpool.py:1099: InsecureRequestWarning: Unverified HTTPS request is being made to host 'reqres.in'. Adding certificate verification is strongly advised. See: https://urllib3.readthedocs.io/en/latest/advanced-usage.html#tls-warnings
  warnings.warn(</msg>
<msg time="2024-11-17T01:16:02.853708" level="INFO">${response} = &lt;Response [404]&gt;</msg>
<var>${response}</var>
<arg>Get_user_profile_success</arg>
<arg>/api/users/${USER_ID}</arg>
<doc>*DEPRECATED* Please use `GET On Session` instead.</doc>
<status status="PASS" start="2024-11-17T01:16:02.743250" elapsed="0.110517"/>
</kw>
<return>
<value>${response}</value>
<status status="PASS" start="2024-11-17T01:16:02.853913" elapsed="0.000119"/>
</return>
<msg time="2024-11-17T01:16:02.854305" level="INFO">${response} = &lt;Response [404]&gt;</msg>
<var>${response}</var>
<arg>${INVALID_USER_ID}</arg>
<status status="PASS" start="2024-11-17T01:16:02.742194" elapsed="0.112152"/>
</kw>
<kw name="Should Be Equal As Numbers" owner="BuiltIn">
<msg time="2024-11-17T01:16:02.855506" level="INFO">Argument types are:
&lt;class 'int'&gt;
&lt;class 'str'&gt;</msg>
<arg>${response.status_code}</arg>
<arg>404</arg>
<doc>Fails if objects are unequal after converting them to real numbers.</doc>
<status status="PASS" start="2024-11-17T01:16:02.854792" elapsed="0.000810"/>
</kw>
<kw name="Should Be Equal As Strings" owner="BuiltIn">
<arg>{}</arg>
<arg>${response.text}</arg>
<doc>Fails if objects are unequal after converting them to strings.</doc>
<status status="PASS" start="2024-11-17T01:16:02.856107" elapsed="0.001071"/>
</kw>
<doc>To verify get user profile API will return 404 when trying to get a profile of a non-existing user</doc>
<status status="PASS" start="2024-11-17T01:16:02.741412" elapsed="0.116105"/>
</test>
<status status="PASS" start="2024-11-17T01:16:02.222711" elapsed="0.637647"/>
</suite>
<statistics>
<total>
<stat pass="2" fail="0" skip="0">All Tests</stat>
</total>
<tag>
</tag>
<suite>
<stat pass="2" fail="0" skip="0" id="s1" name="Get User Profile">Get User Profile</stat>
</suite>
</statistics>
<errors>
<msg time="2024-11-17T01:16:02.566857" level="WARN">Keyword 'RequestsLibrary.Get Request' is deprecated. Please use `GET On Session` instead.</msg>
<msg time="2024-11-17T01:16:02.743289" level="WARN">Keyword 'RequestsLibrary.Get Request' is deprecated. Please use `GET On Session` instead.</msg>
</errors>
</robot>
